\BOOKMARK [1][-]{Rfn..onAttach.1}{\376\377\000.\000o\000n\000A\000t\000t\000a\000c\000h}{}% 1
\BOOKMARK [1][-]{Rfn.all.Rul.equal.Rul.functions.1}{\376\377\000a\000l\000l\000\137\000e\000q\000u\000a\000l\000\137\000f\000u\000n\000c\000t\000i\000o\000n\000s}{}% 2
\BOOKMARK [1][-]{Rfn.app.Rul.run.Rul.EJAM.1}{\376\377\000a\000p\000p\000\137\000r\000u\000n\000\137\000E\000J\000A\000M}{}% 3
\BOOKMARK [1][-]{Rfn.app.Rul.server.1}{\376\377\000a\000p\000p\000\137\000s\000e\000r\000v\000e\000r}{}% 4
\BOOKMARK [1][-]{Rfn.avg.in.us.1}{\376\377\000a\000v\000g\000.\000i\000n\000.\000u\000s}{}% 5
\BOOKMARK [1][-]{Rfn.bgej.1}{\376\377\000b\000g\000e\000j}{}% 6
\BOOKMARK [1][-]{Rfn.bgpts.1}{\376\377\000b\000g\000p\000t\000s}{}% 7
\BOOKMARK [1][-]{Rfn.bg.Rul.cenpop2020.1}{\376\377\000b\000g\000\137\000c\000e\000n\000p\000o\000p\0002\0000\0002\0000}{}% 8
\BOOKMARK [1][-]{Rfn.blockgroupstats.1}{\376\377\000b\000l\000o\000c\000k\000g\000r\000o\000u\000p\000s\000t\000a\000t\000s}{}% 9
\BOOKMARK [1][-]{Rfn.censusplaces.1}{\376\377\000c\000e\000n\000s\000u\000s\000p\000l\000a\000c\000e\000s}{}% 10
\BOOKMARK [1][-]{Rfn.colcounter.1}{\376\377\000c\000o\000l\000c\000o\000u\000n\000t\000e\000r}{}% 11
\BOOKMARK [1][-]{Rfn.colcounter.Rul.summary.1}{\376\377\000c\000o\000l\000c\000o\000u\000n\000t\000e\000r\000\137\000s\000u\000m\000m\000a\000r\000y}{}% 12
\BOOKMARK [1][-]{Rfn.colcounter.Rul.summary.Rul.all.1}{\376\377\000c\000o\000l\000c\000o\000u\000n\000t\000e\000r\000\137\000s\000u\000m\000m\000a\000r\000y\000\137\000a\000l\000l}{}% 13
\BOOKMARK [1][-]{Rfn.colcounter.Rul.summary.Rul.cum.1}{\376\377\000c\000o\000l\000c\000o\000u\000n\000t\000e\000r\000\137\000s\000u\000m\000m\000a\000r\000y\000\137\000c\000u\000m}{}% 14
\BOOKMARK [1][-]{Rfn.colcounter.Rul.summary.Rul.cum.Rul.pct.1}{\376\377\000c\000o\000l\000c\000o\000u\000n\000t\000e\000r\000\137\000s\000u\000m\000m\000a\000r\000y\000\137\000c\000u\000m\000\137\000p\000c\000t}{}% 15
\BOOKMARK [1][-]{Rfn.colcounter.Rul.summary.Rul.pct.1}{\376\377\000c\000o\000l\000c\000o\000u\000n\000t\000e\000r\000\137\000s\000u\000m\000m\000a\000r\000y\000\137\000p\000c\000t}{}% 16
\BOOKMARK [1][-]{Rfn.counties.Rul.as.Rul.sites.1}{\376\377\000c\000o\000u\000n\000t\000i\000e\000s\000\137\000a\000s\000\137\000s\000i\000t\000e\000s}{}% 17
\BOOKMARK [1][-]{Rfn.count.Rul.sites.Rul.with.Rul.n.Rul.high.Rul.scores.1}{\376\377\000c\000o\000u\000n\000t\000\137\000s\000i\000t\000e\000s\000\137\000w\000i\000t\000h\000\137\000n\000\137\000h\000i\000g\000h\000\137\000s\000c\000o\000r\000e\000s}{}% 18
\BOOKMARK [1][-]{Rfn.dataload.Rul.from.Rul.aws.1}{\376\377\000d\000a\000t\000a\000l\000o\000a\000d\000\137\000f\000r\000o\000m\000\137\000a\000w\000s}{}% 19
\BOOKMARK [1][-]{Rfn.dataload.Rul.from.Rul.entirefolder.1}{\376\377\000d\000a\000t\000a\000l\000o\000a\000d\000\137\000f\000r\000o\000m\000\137\000e\000n\000t\000i\000r\000e\000f\000o\000l\000d\000e\000r}{}% 20
\BOOKMARK [1][-]{Rfn.dataload.Rul.from.Rul.local.1}{\376\377\000d\000a\000t\000a\000l\000o\000a\000d\000\137\000f\000r\000o\000m\000\137\000l\000o\000c\000a\000l}{}% 21
\BOOKMARK [1][-]{Rfn.dataload.Rul.from.Rul.package.1}{\376\377\000d\000a\000t\000a\000l\000o\000a\000d\000\137\000f\000r\000o\000m\000\137\000p\000a\000c\000k\000a\000g\000e}{}% 22
\BOOKMARK [1][-]{Rfn.dataload.Rul.from.Rul.pins.1}{\376\377\000d\000a\000t\000a\000l\000o\000a\000d\000\137\000f\000r\000o\000m\000\137\000p\000i\000n\000s}{}% 23
\BOOKMARK [1][-]{Rfn.datapack.1}{\376\377\000d\000a\000t\000a\000p\000a\000c\000k}{}% 24
\BOOKMARK [1][-]{Rfn.datawrite.Rul.to.Rul.aws.1}{\376\377\000d\000a\000t\000a\000w\000r\000i\000t\000e\000\137\000t\000o\000\137\000a\000w\000s}{}% 25
\BOOKMARK [1][-]{Rfn.datawrite.Rul.to.Rul.local.1}{\376\377\000d\000a\000t\000a\000w\000r\000i\000t\000e\000\137\000t\000o\000\137\000l\000o\000c\000a\000l}{}% 26
\BOOKMARK [1][-]{Rfn.distance.Rul.by.Rul.group.1}{\376\377\000d\000i\000s\000t\000a\000n\000c\000e\000\137\000b\000y\000\137\000g\000r\000o\000u\000p}{}% 27
\BOOKMARK [1][-]{Rfn.distance.Rul.by.Rul.group1.1}{\376\377\000d\000i\000s\000t\000a\000n\000c\000e\000\137\000b\000y\000\137\000g\000r\000o\000u\000p\0001}{}% 28
\BOOKMARK [1][-]{Rfn.distance.Rul.by.Rul.group.Rul.by.Rul.site.1}{\376\377\000d\000i\000s\000t\000a\000n\000c\000e\000\137\000b\000y\000\137\000g\000r\000o\000u\000p\000\137\000b\000y\000\137\000s\000i\000t\000e}{}% 29
\BOOKMARK [1][-]{Rfn.distance.Rul.by.Rul.group.Rul.plot.1}{\376\377\000d\000i\000s\000t\000a\000n\000c\000e\000\137\000b\000y\000\137\000g\000r\000o\000u\000p\000\137\000p\000l\000o\000t}{}% 30
\BOOKMARK [1][-]{Rfn.distance.Rul.cdf.Rul.by.Rul.group.Rul.plot.1}{\376\377\000d\000i\000s\000t\000a\000n\000c\000e\000\137\000c\000d\000f\000\137\000b\000y\000\137\000g\000r\000o\000u\000p\000\137\000p\000l\000o\000t}{}% 31
\BOOKMARK [1][-]{Rfn.distance.Rul.mean.Rul.by.Rul.group.1}{\376\377\000d\000i\000s\000t\000a\000n\000c\000e\000\137\000m\000e\000a\000n\000\137\000b\000y\000\137\000g\000r\000o\000u\000p}{}% 32
\BOOKMARK [1][-]{Rfn.distance.Rul.via.Rul.surfacedistance.1}{\376\377\000d\000i\000s\000t\000a\000n\000c\000e\000\137\000v\000i\000a\000\137\000s\000u\000r\000f\000a\000c\000e\000d\000i\000s\000t\000a\000n\000c\000e}{}% 33
\BOOKMARK [1][-]{Rfn.doaggregate.1}{\376\377\000d\000o\000a\000g\000g\000r\000e\000g\000a\000t\000e}{}% 34
\BOOKMARK [1][-]{Rfn.dupenames.1}{\376\377\000d\000u\000p\000e\000n\000a\000m\000e\000s}{}% 35
\BOOKMARK [1][-]{Rfn.dupeRfiles.1}{\376\377\000d\000u\000p\000e\000R\000f\000i\000l\000e\000s}{}% 36
\BOOKMARK [1][-]{Rfn.ejam2excel.1}{\376\377\000e\000j\000a\000m\0002\000e\000x\000c\000e\000l}{}% 37
\BOOKMARK [1][-]{Rfn.ejamit.1}{\376\377\000e\000j\000a\000m\000i\000t}{}% 38
\BOOKMARK [1][-]{Rfn.ejampackages.1}{\376\377\000e\000j\000a\000m\000p\000a\000c\000k\000a\000g\000e\000s}{}% 39
\BOOKMARK [1][-]{Rfn.ejscreenit.Rul.for.Rul.ejam.1}{\376\377\000e\000j\000s\000c\000r\000e\000e\000n\000i\000t\000\137\000f\000o\000r\000\137\000e\000j\000a\000m}{}% 40
\BOOKMARK [1][-]{Rfn.fips2countyname.1}{\376\377\000f\000i\000p\000s\0002\000c\000o\000u\000n\000t\000y\000n\000a\000m\000e}{}% 41
\BOOKMARK [1][-]{Rfn.fips2name.1}{\376\377\000f\000i\000p\000s\0002\000n\000a\000m\000e}{}% 42
\BOOKMARK [1][-]{Rfn.fips2statename.1}{\376\377\000f\000i\000p\000s\0002\000s\000t\000a\000t\000e\000n\000a\000m\000e}{}% 43
\BOOKMARK [1][-]{Rfn.fips2state.Rul.abbrev.1}{\376\377\000f\000i\000p\000s\0002\000s\000t\000a\000t\000e\000\137\000a\000b\000b\000r\000e\000v}{}% 44
\BOOKMARK [1][-]{Rfn.fips2state.Rul.fips.1}{\376\377\000f\000i\000p\000s\0002\000s\000t\000a\000t\000e\000\137\000f\000i\000p\000s}{}% 45
\BOOKMARK [1][-]{Rfn.fipstype.1}{\376\377\000f\000i\000p\000s\000t\000y\000p\000e}{}% 46
\BOOKMARK [1][-]{Rfn.fips.Rul.bg.Rul.from.Rul.anyfips.1}{\376\377\000f\000i\000p\000s\000\137\000b\000g\000\137\000f\000r\000o\000m\000\137\000a\000n\000y\000f\000i\000p\000s}{}% 47
\BOOKMARK [1][-]{Rfn.fips.Rul.counties.Rul.from.Rul.statefips.1}{\376\377\000f\000i\000p\000s\000\137\000c\000o\000u\000n\000t\000i\000e\000s\000\137\000f\000r\000o\000m\000\137\000s\000t\000a\000t\000e\000f\000i\000p\000s}{}% 48
\BOOKMARK [1][-]{Rfn.fips.Rul.counties.Rul.from.Rul.statename.1}{\376\377\000f\000i\000p\000s\000\137\000c\000o\000u\000n\000t\000i\000e\000s\000\137\000f\000r\000o\000m\000\137\000s\000t\000a\000t\000e\000n\000a\000m\000e}{}% 49
\BOOKMARK [1][-]{Rfn.fips.Rul.counties.Rul.from.Rul.state.Rul.abbrev.1}{\376\377\000f\000i\000p\000s\000\137\000c\000o\000u\000n\000t\000i\000e\000s\000\137\000f\000r\000o\000m\000\137\000s\000t\000a\000t\000e\000\137\000a\000b\000b\000r\000e\000v}{}% 50
\BOOKMARK [1][-]{Rfn.fips.Rul.from.Rul.table.1}{\376\377\000f\000i\000p\000s\000\137\000f\000r\000o\000m\000\137\000t\000a\000b\000l\000e}{}% 51
\BOOKMARK [1][-]{Rfn.fips.Rul.lead.Rul.zero.1}{\376\377\000f\000i\000p\000s\000\137\000l\000e\000a\000d\000\137\000z\000e\000r\000o}{}% 52
\BOOKMARK [1][-]{Rfn.fips.Rul.st2eparegion.1}{\376\377\000f\000i\000p\000s\000\137\000s\000t\0002\000e\000p\000a\000r\000e\000g\000i\000o\000n}{}% 53
\BOOKMARK [1][-]{Rfn.fips.Rul.state.Rul.from.Rul.statename.1}{\376\377\000f\000i\000p\000s\000\137\000s\000t\000a\000t\000e\000\137\000f\000r\000o\000m\000\137\000s\000t\000a\000t\000e\000n\000a\000m\000e}{}% 54
\BOOKMARK [1][-]{Rfn.fips.Rul.state.Rul.from.Rul.state.Rul.abbrev.1}{\376\377\000f\000i\000p\000s\000\137\000s\000t\000a\000t\000e\000\137\000f\000r\000o\000m\000\137\000s\000t\000a\000t\000e\000\137\000a\000b\000b\000r\000e\000v}{}% 55
\BOOKMARK [1][-]{Rfn.fixcolnames2related.1}{\376\377\000f\000i\000x\000c\000o\000l\000n\000a\000m\000e\000s\0002\000r\000e\000l\000a\000t\000e\000d}{}% 56
\BOOKMARK [1][-]{Rfn.fixmapheadernamescolname.1}{\376\377\000f\000i\000x\000m\000a\000p\000h\000e\000a\000d\000e\000r\000n\000a\000m\000e\000s\000c\000o\000l\000n\000a\000m\000e}{}% 57
\BOOKMARK [1][-]{Rfn.frs.1}{\376\377\000f\000r\000s}{}% 58
\BOOKMARK [1][-]{Rfn.frsprogramcodes.1}{\376\377\000f\000r\000s\000p\000r\000o\000g\000r\000a\000m\000c\000o\000d\000e\000s}{}% 59
\BOOKMARK [1][-]{Rfn.frs.Rul.by.Rul.mact.1}{\376\377\000f\000r\000s\000\137\000b\000y\000\137\000m\000a\000c\000t}{}% 60
\BOOKMARK [1][-]{Rfn.frs.Rul.by.Rul.naics.1}{\376\377\000f\000r\000s\000\137\000b\000y\000\137\000n\000a\000i\000c\000s}{}% 61
\BOOKMARK [1][-]{Rfn.frs.Rul.by.Rul.programid.1}{\376\377\000f\000r\000s\000\137\000b\000y\000\137\000p\000r\000o\000g\000r\000a\000m\000i\000d}{}% 62
\BOOKMARK [1][-]{Rfn.frs.Rul.by.Rul.sic.1}{\376\377\000f\000r\000s\000\137\000b\000y\000\137\000s\000i\000c}{}% 63
\BOOKMARK [1][-]{Rfn.frs.Rul.from.Rul.naics.1}{\376\377\000f\000r\000s\000\137\000f\000r\000o\000m\000\137\000n\000a\000i\000c\000s}{}% 64
\BOOKMARK [1][-]{Rfn.frs.Rul.from.Rul.program.1}{\376\377\000f\000r\000s\000\137\000f\000r\000o\000m\000\137\000p\000r\000o\000g\000r\000a\000m}{}% 65
\BOOKMARK [1][-]{Rfn.frs.Rul.from.Rul.programid.1}{\376\377\000f\000r\000s\000\137\000f\000r\000o\000m\000\137\000p\000r\000o\000g\000r\000a\000m\000i\000d}{}% 66
\BOOKMARK [1][-]{Rfn.frs.Rul.from.Rul.regid.1}{\376\377\000f\000r\000s\000\137\000f\000r\000o\000m\000\137\000r\000e\000g\000i\000d}{}% 67
\BOOKMARK [1][-]{Rfn.frs.Rul.from.Rul.sic.1}{\376\377\000f\000r\000s\000\137\000f\000r\000o\000m\000\137\000s\000i\000c}{}% 68
\BOOKMARK [1][-]{Rfn.frs.Rul.from.Rul.siteid.1}{\376\377\000f\000r\000s\000\137\000f\000r\000o\000m\000\137\000s\000i\000t\000e\000i\000d}{}% 69
\BOOKMARK [1][-]{Rfn.frs.Rul.from.Rul.sitename.1}{\376\377\000f\000r\000s\000\137\000f\000r\000o\000m\000\137\000s\000i\000t\000e\000n\000a\000m\000e}{}% 70
\BOOKMARK [1][-]{Rfn.frs.Rul.is.Rul.valid.1}{\376\377\000f\000r\000s\000\137\000i\000s\000\137\000v\000a\000l\000i\000d}{}% 71
\BOOKMARK [1][-]{Rfn.getblocksnearby.1}{\376\377\000g\000e\000t\000b\000l\000o\000c\000k\000s\000n\000e\000a\000r\000b\000y}{}% 72
\BOOKMARK [1][-]{Rfn.getblocksnearby2.1}{\376\377\000g\000e\000t\000b\000l\000o\000c\000k\000s\000n\000e\000a\000r\000b\000y\0002}{}% 73
\BOOKMARK [1][-]{Rfn.getblocksnearbyviaQuadTree.1}{\376\377\000g\000e\000t\000b\000l\000o\000c\000k\000s\000n\000e\000a\000r\000b\000y\000v\000i\000a\000Q\000u\000a\000d\000T\000r\000e\000e}{}% 74
\BOOKMARK [1][-]{Rfn.getblocksnearbyviaQuadTree2.1}{\376\377\000g\000e\000t\000b\000l\000o\000c\000k\000s\000n\000e\000a\000r\000b\000y\000v\000i\000a\000Q\000u\000a\000d\000T\000r\000e\000e\0002}{}% 75
\BOOKMARK [1][-]{Rfn.getblocksnearbyviaQuadTree3.1}{\376\377\000g\000e\000t\000b\000l\000o\000c\000k\000s\000n\000e\000a\000r\000b\000y\000v\000i\000a\000Q\000u\000a\000d\000T\000r\000e\000e\0003}{}% 76
\BOOKMARK [1][-]{Rfn.getblocksnearbyviaQuadTree.Rul.Clustered.1}{\376\377\000g\000e\000t\000b\000l\000o\000c\000k\000s\000n\000e\000a\000r\000b\000y\000v\000i\000a\000Q\000u\000a\000d\000T\000r\000e\000e\000\137\000C\000l\000u\000s\000t\000e\000r\000e\000d}{}% 77
\BOOKMARK [1][-]{Rfn.getblocksnearby.Rul.from.Rul.fips.1}{\376\377\000g\000e\000t\000b\000l\000o\000c\000k\000s\000n\000e\000a\000r\000b\000y\000\137\000f\000r\000o\000m\000\137\000f\000i\000p\000s}{}% 78
\BOOKMARK [1][-]{Rfn.getblocks.Rul.diagnostics.1}{\376\377\000g\000e\000t\000b\000l\000o\000c\000k\000s\000\137\000d\000i\000a\000g\000n\000o\000s\000t\000i\000c\000s}{}% 79
\BOOKMARK [1][-]{Rfn.getblocks.Rul.summarize.Rul.blocks.Rul.per.Rul.site.1}{\376\377\000g\000e\000t\000b\000l\000o\000c\000k\000s\000\137\000s\000u\000m\000m\000a\000r\000i\000z\000e\000\137\000b\000l\000o\000c\000k\000s\000\137\000p\000e\000r\000\137\000s\000i\000t\000e}{}% 80
\BOOKMARK [1][-]{Rfn.getblocks.Rul.summarize.Rul.sites.Rul.per.Rul.block.1}{\376\377\000g\000e\000t\000b\000l\000o\000c\000k\000s\000\137\000s\000u\000m\000m\000a\000r\000i\000z\000e\000\137\000s\000i\000t\000e\000s\000\137\000p\000e\000r\000\137\000b\000l\000o\000c\000k}{}% 81
\BOOKMARK [1][-]{Rfn.get.Rul.blockpoints.Rul.in.Rul.shape.1}{\376\377\000g\000e\000t\000\137\000b\000l\000o\000c\000k\000p\000o\000i\000n\000t\000s\000\137\000i\000n\000\137\000s\000h\000a\000p\000e}{}% 82
\BOOKMARK [1][-]{Rfn.high.Rul.pctiles.Rul.tied.Rul.with.Rul.min.1}{\376\377\000h\000i\000g\000h\000\137\000p\000c\000t\000i\000l\000e\000s\000\137\000t\000i\000e\000d\000\137\000w\000i\000t\000h\000\137\000m\000i\000n}{}% 83
\BOOKMARK [1][-]{Rfn.indexblocks.1}{\376\377\000i\000n\000d\000e\000x\000b\000l\000o\000c\000k\000s}{}% 84
\BOOKMARK [1][-]{Rfn.input.Rul.names.Rul.listing.1}{\376\377\000i\000n\000p\000u\000t\000\137\000n\000a\000m\000e\000s\000\137\000l\000i\000s\000t\000i\000n\000g}{}% 85
\BOOKMARK [1][-]{Rfn.islandareas.1}{\376\377\000i\000s\000l\000a\000n\000d\000a\000r\000e\000a\000s}{}% 86
\BOOKMARK [1][-]{Rfn.latlon.Rul.as.numeric.1}{\376\377\000l\000a\000t\000l\000o\000n\000\137\000a\000s\000.\000n\000u\000m\000e\000r\000i\000c}{}% 87
\BOOKMARK [1][-]{Rfn.latlon.Rul.df.Rul.clean.1}{\376\377\000l\000a\000t\000l\000o\000n\000\137\000d\000f\000\137\000c\000l\000e\000a\000n}{}% 88
\BOOKMARK [1][-]{Rfn.latlon.Rul.from.Rul.anything.1}{\376\377\000l\000a\000t\000l\000o\000n\000\137\000f\000r\000o\000m\000\137\000a\000n\000y\000t\000h\000i\000n\000g}{}% 89
\BOOKMARK [1][-]{Rfn.latlon.Rul.from.Rul.mactsubpart.1}{\376\377\000l\000a\000t\000l\000o\000n\000\137\000f\000r\000o\000m\000\137\000m\000a\000c\000t\000s\000u\000b\000p\000a\000r\000t}{}% 90
\BOOKMARK [1][-]{Rfn.latlon.Rul.from.Rul.naics.1}{\376\377\000l\000a\000t\000l\000o\000n\000\137\000f\000r\000o\000m\000\137\000n\000a\000i\000c\000s}{}% 91
\BOOKMARK [1][-]{Rfn.latlon.Rul.from.Rul.program.1}{\376\377\000l\000a\000t\000l\000o\000n\000\137\000f\000r\000o\000m\000\137\000p\000r\000o\000g\000r\000a\000m}{}% 92
\BOOKMARK [1][-]{Rfn.latlon.Rul.from.Rul.programid.1}{\376\377\000l\000a\000t\000l\000o\000n\000\137\000f\000r\000o\000m\000\137\000p\000r\000o\000g\000r\000a\000m\000i\000d}{}% 93
\BOOKMARK [1][-]{Rfn.latlon.Rul.from.Rul.regid.1}{\376\377\000l\000a\000t\000l\000o\000n\000\137\000f\000r\000o\000m\000\137\000r\000e\000g\000i\000d}{}% 94
\BOOKMARK [1][-]{Rfn.latlon.Rul.from.Rul.sic.1}{\376\377\000l\000a\000t\000l\000o\000n\000\137\000f\000r\000o\000m\000\137\000s\000i\000c}{}% 95
\BOOKMARK [1][-]{Rfn.latlon.Rul.from.Rul.siteid.1}{\376\377\000l\000a\000t\000l\000o\000n\000\137\000f\000r\000o\000m\000\137\000s\000i\000t\000e\000i\000d}{}% 96
\BOOKMARK [1][-]{Rfn.latlon.Rul.infer.1}{\376\377\000l\000a\000t\000l\000o\000n\000\137\000i\000n\000f\000e\000r}{}% 97
\BOOKMARK [1][-]{Rfn.latlon.Rul.is.available.1}{\376\377\000l\000a\000t\000l\000o\000n\000\137\000i\000s\000.\000a\000v\000a\000i\000l\000a\000b\000l\000e}{}% 98
\BOOKMARK [1][-]{Rfn.latlon.Rul.is.islandareas.1}{\376\377\000l\000a\000t\000l\000o\000n\000\137\000i\000s\000.\000i\000s\000l\000a\000n\000d\000a\000r\000e\000a\000s}{}% 99
\BOOKMARK [1][-]{Rfn.latlon.Rul.is.possible.1}{\376\377\000l\000a\000t\000l\000o\000n\000\137\000i\000s\000.\000p\000o\000s\000s\000i\000b\000l\000e}{}% 100
\BOOKMARK [1][-]{Rfn.latlon.Rul.is.usa.1}{\376\377\000l\000a\000t\000l\000o\000n\000\137\000i\000s\000.\000u\000s\000a}{}% 101
\BOOKMARK [1][-]{Rfn.latlon.Rul.is.valid.1}{\376\377\000l\000a\000t\000l\000o\000n\000\137\000i\000s\000.\000v\000a\000l\000i\000d}{}% 102
\BOOKMARK [1][-]{Rfn.latlon.Rul.join.Rul.on.Rul.blockid.1}{\376\377\000l\000a\000t\000l\000o\000n\000\137\000j\000o\000i\000n\000\137\000o\000n\000\137\000b\000l\000o\000c\000k\000i\000d}{}% 103
\BOOKMARK [1][-]{Rfn.lat.Rul.alias.1}{\376\377\000l\000a\000t\000\137\000a\000l\000i\000a\000s}{}% 104
\BOOKMARK [1][-]{Rfn.linesofcode2.1}{\376\377\000l\000i\000n\000e\000s\000o\000f\000c\000o\000d\000e\0002}{}% 105
\BOOKMARK [1][-]{Rfn.lookup.Rul.pctile.1}{\376\377\000l\000o\000o\000k\000u\000p\000\137\000p\000c\000t\000i\000l\000e}{}% 106
\BOOKMARK [1][-]{Rfn.mact.Rul.table.1}{\376\377\000m\000a\000c\000t\000\137\000t\000a\000b\000l\000e}{}% 107
\BOOKMARK [1][-]{Rfn.mapfastej.Rul.counties.1}{\376\377\000m\000a\000p\000f\000a\000s\000t\000e\000j\000\137\000c\000o\000u\000n\000t\000i\000e\000s}{}% 108
\BOOKMARK [1][-]{Rfn.mapfast.Rul.gg.1}{\376\377\000m\000a\000p\000f\000a\000s\000t\000\137\000g\000g}{}% 109
\BOOKMARK [1][-]{Rfn.map.Rul.blockgroups.Rul.over.Rul.blocks.1}{\376\377\000m\000a\000p\000\137\000b\000l\000o\000c\000k\000g\000r\000o\000u\000p\000s\000\137\000o\000v\000e\000r\000\137\000b\000l\000o\000c\000k\000s}{}% 110
\BOOKMARK [1][-]{Rfn.map.Rul.facilities.1}{\376\377\000m\000a\000p\000\137\000f\000a\000c\000i\000l\000i\000t\000i\000e\000s}{}% 111
\BOOKMARK [1][-]{Rfn.map.Rul.facilities.Rul.proxy.1}{\376\377\000m\000a\000p\000\137\000f\000a\000c\000i\000l\000i\000t\000i\000e\000s\000\137\000p\000r\000o\000x\000y}{}% 112
\BOOKMARK [1][-]{Rfn.map.Rul.shapes.Rul.leaflet.1}{\376\377\000m\000a\000p\000\137\000s\000h\000a\000p\000e\000s\000\137\000l\000e\000a\000f\000l\000e\000t}{}% 113
\BOOKMARK [1][-]{Rfn.map.Rul.shapes.Rul.mapview.1}{\376\377\000m\000a\000p\000\137\000s\000h\000a\000p\000e\000s\000\137\000m\000a\000p\000v\000i\000e\000w}{}% 114
\BOOKMARK [1][-]{Rfn.map.Rul.shapes.Rul.plot.1}{\376\377\000m\000a\000p\000\137\000s\000h\000a\000p\000e\000s\000\137\000p\000l\000o\000t}{}% 115
\BOOKMARK [1][-]{Rfn.metadata.Rul.add.1}{\376\377\000m\000e\000t\000a\000d\000a\000t\000a\000\137\000a\000d\000d}{}% 116
\BOOKMARK [1][-]{Rfn.metadata.Rul.check.1}{\376\377\000m\000e\000t\000a\000d\000a\000t\000a\000\137\000c\000h\000e\000c\000k}{}% 117
\BOOKMARK [1][-]{Rfn.NAICS.1}{\376\377\000N\000A\000I\000C\000S}{}% 118
\BOOKMARK [1][-]{Rfn.naics2children.1}{\376\377\000n\000a\000i\000c\000s\0002\000c\000h\000i\000l\000d\000r\000e\000n}{}% 119
\BOOKMARK [1][-]{Rfn.naicstable.1}{\376\377\000n\000a\000i\000c\000s\000t\000a\000b\000l\000e}{}% 120
\BOOKMARK [1][-]{Rfn.naics.Rul.categories.1}{\376\377\000n\000a\000i\000c\000s\000\137\000c\000a\000t\000e\000g\000o\000r\000i\000e\000s}{}% 121
\BOOKMARK [1][-]{Rfn.naics.Rul.download.1}{\376\377\000n\000a\000i\000c\000s\000\137\000d\000o\000w\000n\000l\000o\000a\000d}{}% 122
\BOOKMARK [1][-]{Rfn.naics.Rul.findwebscrape.1}{\376\377\000n\000a\000i\000c\000s\000\137\000f\000i\000n\000d\000w\000e\000b\000s\000c\000r\000a\000p\000e}{}% 123
\BOOKMARK [1][-]{Rfn.naics.Rul.from.Rul.any.1}{\376\377\000n\000a\000i\000c\000s\000\137\000f\000r\000o\000m\000\137\000a\000n\000y}{}% 124
\BOOKMARK [1][-]{Rfn.naics.Rul.from.Rul.code.1}{\376\377\000n\000a\000i\000c\000s\000\137\000f\000r\000o\000m\000\137\000c\000o\000d\000e}{}% 125
\BOOKMARK [1][-]{Rfn.naics.Rul.from.Rul.federalregister.1}{\376\377\000n\000a\000i\000c\000s\000\137\000f\000r\000o\000m\000\137\000f\000e\000d\000e\000r\000a\000l\000r\000e\000g\000i\000s\000t\000e\000r}{}% 126
\BOOKMARK [1][-]{Rfn.naics.Rul.from.Rul.name.1}{\376\377\000n\000a\000i\000c\000s\000\137\000f\000r\000o\000m\000\137\000n\000a\000m\000e}{}% 127
\BOOKMARK [1][-]{Rfn.naics.Rul.subcodes.Rul.from.Rul.code.1}{\376\377\000n\000a\000i\000c\000s\000\137\000s\000u\000b\000c\000o\000d\000e\000s\000\137\000f\000r\000o\000m\000\137\000c\000o\000d\000e}{}% 128
\BOOKMARK [1][-]{Rfn.naics.Rul.url.Rul.of.Rul.code.1}{\376\377\000n\000a\000i\000c\000s\000\137\000u\000r\000l\000\137\000o\000f\000\137\000c\000o\000d\000e}{}% 129
\BOOKMARK [1][-]{Rfn.naics.Rul.validation.1}{\376\377\000n\000a\000i\000c\000s\000\137\000v\000a\000l\000i\000d\000a\000t\000i\000o\000n}{}% 130
\BOOKMARK [1][-]{Rfn.names.Rul.d.1}{\376\377\000n\000a\000m\000e\000s\000\137\000d}{}% 131
\BOOKMARK [1][-]{Rfn.names.Rul.e.1}{\376\377\000n\000a\000m\000e\000s\000\137\000e}{}% 132
\BOOKMARK [1][-]{Rfn.names.Rul.whichlist.1}{\376\377\000n\000a\000m\000e\000s\000\137\000w\000h\000i\000c\000h\000l\000i\000s\000t}{}% 133
\BOOKMARK [1][-]{Rfn.names.Rul.whichlist.Rul.multi.1}{\376\377\000n\000a\000m\000e\000s\000\137\000w\000h\000i\000c\000h\000l\000i\000s\000t\000\137\000m\000u\000l\000t\000i}{}% 134
\BOOKMARK [1][-]{Rfn.names.Rul.whichlist.Rul.multi.Rul.key.1}{\376\377\000n\000a\000m\000e\000s\000\137\000w\000h\000i\000c\000h\000l\000i\000s\000t\000\137\000m\000u\000l\000t\000i\000\137\000k\000e\000y}{}% 135
\BOOKMARK [1][-]{Rfn.namez.1}{\376\377\000n\000a\000m\000e\000z}{}% 136
\BOOKMARK [1][-]{Rfn.pctiles.Rul.lookup.Rul.create.1}{\376\377\000p\000c\000t\000i\000l\000e\000s\000\137\000l\000o\000o\000k\000u\000p\000\137\000c\000r\000e\000a\000t\000e}{}% 137
\BOOKMARK [1][-]{Rfn.pctile.Rul.from.Rul.raw.Rul.lookup.1}{\376\377\000p\000c\000t\000i\000l\000e\000\137\000f\000r\000o\000m\000\137\000r\000a\000w\000\137\000l\000o\000o\000k\000u\000p}{}% 138
\BOOKMARK [1][-]{Rfn.plotblocksnearby.1}{\376\377\000p\000l\000o\000t\000b\000l\000o\000c\000k\000s\000n\000e\000a\000r\000b\000y}{}% 139
\BOOKMARK [1][-]{Rfn.plot.Rul.barplot.Rul.ratios.1}{\376\377\000p\000l\000o\000t\000\137\000b\000a\000r\000p\000l\000o\000t\000\137\000r\000a\000t\000i\000o\000s}{}% 140
\BOOKMARK [1][-]{Rfn.plot.Rul.demogshare.Rul.by.Rul.distance.1}{\376\377\000p\000l\000o\000t\000\137\000d\000e\000m\000o\000g\000s\000h\000a\000r\000e\000\137\000b\000y\000\137\000d\000i\000s\000t\000a\000n\000c\000e}{}% 141
\BOOKMARK [1][-]{Rfn.plot.Rul.distance.Rul.by.Rul.pctd.1}{\376\377\000p\000l\000o\000t\000\137\000d\000i\000s\000t\000a\000n\000c\000e\000\137\000b\000y\000\137\000p\000c\000t\000d}{}% 142
\BOOKMARK [1][-]{Rfn.plot.Rul.distance.Rul.cdf.Rul.by.Rul.group.1}{\376\377\000p\000l\000o\000t\000\137\000d\000i\000s\000t\000a\000n\000c\000e\000\137\000c\000d\000f\000\137\000b\000y\000\137\000g\000r\000o\000u\000p}{}% 143
\BOOKMARK [1][-]{Rfn.plot.Rul.distance.Rul.mean.Rul.by.Rul.group.1}{\376\377\000p\000l\000o\000t\000\137\000d\000i\000s\000t\000a\000n\000c\000e\000\137\000m\000e\000a\000n\000\137\000b\000y\000\137\000g\000r\000o\000u\000p}{}% 144
\BOOKMARK [1][-]{Rfn.popshare.Rul.at.Rul.top.Rul.n.1}{\376\377\000p\000o\000p\000s\000h\000a\000r\000e\000\137\000a\000t\000\137\000t\000o\000p\000\137\000n}{}% 145
\BOOKMARK [1][-]{Rfn.popshare.Rul.at.Rul.top.Rul.x.Rul.pct.1}{\376\377\000p\000o\000p\000s\000h\000a\000r\000e\000\137\000a\000t\000\137\000t\000o\000p\000\137\000x\000\137\000p\000c\000t}{}% 146
\BOOKMARK [1][-]{Rfn.popshare.Rul.p.Rul.lives.Rul.at.Rul.what.Rul.n.1}{\376\377\000p\000o\000p\000s\000h\000a\000r\000e\000\137\000p\000\137\000l\000i\000v\000e\000s\000\137\000a\000t\000\137\000w\000h\000a\000t\000\137\000n}{}% 147
\BOOKMARK [1][-]{Rfn.popshare.Rul.p.Rul.lives.Rul.at.Rul.what.Rul.pct.1}{\376\377\000p\000o\000p\000s\000h\000a\000r\000e\000\137\000p\000\137\000l\000i\000v\000e\000s\000\137\000a\000t\000\137\000w\000h\000a\000t\000\137\000p\000c\000t}{}% 148
\BOOKMARK [1][-]{Rfn.popup.Rul.from.Rul.any.1}{\376\377\000p\000o\000p\000u\000p\000\137\000f\000r\000o\000m\000\137\000a\000n\000y}{}% 149
\BOOKMARK [1][-]{Rfn.proximity.score.in.miles.1}{\376\377\000p\000r\000o\000x\000i\000m\000i\000t\000y\000.\000s\000c\000o\000r\000e\000.\000i\000n\000.\000m\000i\000l\000e\000s}{}% 150
\BOOKMARK [1][-]{Rfn.proxistat2.1}{\376\377\000p\000r\000o\000x\000i\000s\000t\000a\000t\0002}{}% 151
\BOOKMARK [1][-]{Rfn.quaddata.1}{\376\377\000q\000u\000a\000d\000d\000a\000t\000a}{}% 152
\BOOKMARK [1][-]{Rfn.radius.Rul.inferred.1}{\376\377\000r\000a\000d\000i\000u\000s\000\137\000i\000n\000f\000e\000r\000r\000e\000d}{}% 153
\BOOKMARK [1][-]{Rfn.regionstats.1}{\376\377\000r\000e\000g\000i\000o\000n\000s\000t\000a\000t\000s}{}% 154
\BOOKMARK [1][-]{Rfn.rmost.1}{\376\377\000r\000m\000o\000s\000t}{}% 155
\BOOKMARK [1][-]{Rfn.run.Rul.app.1}{\376\377\000r\000u\000n\000\137\000a\000p\000p}{}% 156
\BOOKMARK [1][-]{Rfn.setdiff2.1}{\376\377\000s\000e\000t\000d\000i\000f\000f\0002}{}% 157
\BOOKMARK [1][-]{Rfn.setdiff.Rul.yx.1}{\376\377\000s\000e\000t\000d\000i\000f\000f\000\137\000y\000x}{}% 158
\BOOKMARK [1][-]{Rfn.shapefile.Rul.clean.1}{\376\377\000s\000h\000a\000p\000e\000f\000i\000l\000e\000\137\000c\000l\000e\000a\000n}{}% 159
\BOOKMARK [1][-]{Rfn.shapefile.Rul.filepaths.Rul.from.Rul.folder.1}{\376\377\000s\000h\000a\000p\000e\000f\000i\000l\000e\000\137\000f\000i\000l\000e\000p\000a\000t\000h\000s\000\137\000f\000r\000o\000m\000\137\000f\000o\000l\000d\000e\000r}{}% 160
\BOOKMARK [1][-]{Rfn.shapefile.Rul.filepaths.Rul.valid.1}{\376\377\000s\000h\000a\000p\000e\000f\000i\000l\000e\000\137\000f\000i\000l\000e\000p\000a\000t\000h\000s\000\137\000v\000a\000l\000i\000d}{}% 161
\BOOKMARK [1][-]{Rfn.shapefile.Rul.from.Rul.filepaths.1}{\376\377\000s\000h\000a\000p\000e\000f\000i\000l\000e\000\137\000f\000r\000o\000m\000\137\000f\000i\000l\000e\000p\000a\000t\000h\000s}{}% 162
\BOOKMARK [1][-]{Rfn.shapefile.Rul.from.Rul.folder.1}{\376\377\000s\000h\000a\000p\000e\000f\000i\000l\000e\000\137\000f\000r\000o\000m\000\137\000f\000o\000l\000d\000e\000r}{}% 163
\BOOKMARK [1][-]{Rfn.shapefile.Rul.from.Rul.sitepoints.1}{\376\377\000s\000h\000a\000p\000e\000f\000i\000l\000e\000\137\000f\000r\000o\000m\000\137\000s\000i\000t\000e\000p\000o\000i\000n\000t\000s}{}% 164
\BOOKMARK [1][-]{Rfn.shapes.Rul.blockgroups.Rul.from.Rul.bgfips.1}{\376\377\000s\000h\000a\000p\000e\000s\000\137\000b\000l\000o\000c\000k\000g\000r\000o\000u\000p\000s\000\137\000f\000r\000o\000m\000\137\000b\000g\000f\000i\000p\000s}{}% 165
\BOOKMARK [1][-]{Rfn.shapes.Rul.counties.Rul.from.Rul.countyfips.1}{\376\377\000s\000h\000a\000p\000e\000s\000\137\000c\000o\000u\000n\000t\000i\000e\000s\000\137\000f\000r\000o\000m\000\137\000c\000o\000u\000n\000t\000y\000f\000i\000p\000s}{}% 166
\BOOKMARK [1][-]{Rfn.shape.Rul.buffered.Rul.from.Rul.shapefile.1}{\376\377\000s\000h\000a\000p\000e\000\137\000b\000u\000f\000f\000e\000r\000e\000d\000\137\000f\000r\000o\000m\000\137\000s\000h\000a\000p\000e\000f\000i\000l\000e}{}% 167
\BOOKMARK [1][-]{Rfn.shape.Rul.buffered.Rul.from.Rul.shapefile.Rul.points.1}{\376\377\000s\000h\000a\000p\000e\000\137\000b\000u\000f\000f\000e\000r\000e\000d\000\137\000f\000r\000o\000m\000\137\000s\000h\000a\000p\000e\000f\000i\000l\000e\000\137\000p\000o\000i\000n\000t\000s}{}% 168
\BOOKMARK [1][-]{Rfn.SIC.1}{\376\377\000S\000I\000C}{}% 169
\BOOKMARK [1][-]{Rfn.sictable.1}{\376\377\000s\000i\000c\000t\000a\000b\000l\000e}{}% 170
\BOOKMARK [1][-]{Rfn.sic.Rul.categories.1}{\376\377\000s\000i\000c\000\137\000c\000a\000t\000e\000g\000o\000r\000i\000e\000s}{}% 171
\BOOKMARK [1][-]{Rfn.sic.Rul.from.Rul.any.1}{\376\377\000s\000i\000c\000\137\000f\000r\000o\000m\000\137\000a\000n\000y}{}% 172
\BOOKMARK [1][-]{Rfn.sic.Rul.from.Rul.code.1}{\376\377\000s\000i\000c\000\137\000f\000r\000o\000m\000\137\000c\000o\000d\000e}{}% 173
\BOOKMARK [1][-]{Rfn.sic.Rul.from.Rul.name.1}{\376\377\000s\000i\000c\000\137\000f\000r\000o\000m\000\137\000n\000a\000m\000e}{}% 174
\BOOKMARK [1][-]{Rfn.sic.Rul.subcodes.Rul.from.Rul.code.1}{\376\377\000s\000i\000c\000\137\000s\000u\000b\000c\000o\000d\000e\000s\000\137\000f\000r\000o\000m\000\137\000c\000o\000d\000e}{}% 175
\BOOKMARK [1][-]{Rfn.siteid.Rul.from.Rul.naics.1}{\376\377\000s\000i\000t\000e\000i\000d\000\137\000f\000r\000o\000m\000\137\000n\000a\000i\000c\000s}{}% 176
\BOOKMARK [1][-]{Rfn.siteid.Rul.from.Rul.sic.1}{\376\377\000s\000i\000t\000e\000i\000d\000\137\000f\000r\000o\000m\000\137\000s\000i\000c}{}% 177
\BOOKMARK [1][-]{Rfn.sites2blocks.Rul.example1000pts.Rul.1miles.1}{\376\377\000s\000i\000t\000e\000s\0002\000b\000l\000o\000c\000k\000s\000\137\000e\000x\000a\000m\000p\000l\000e\0001\0000\0000\0000\000p\000t\000s\000\137\0001\000m\000i\000l\000e\000s}{}% 178
\BOOKMARK [1][-]{Rfn.sites2blocks.Rul.example100pts.Rul.1miles.1}{\376\377\000s\000i\000t\000e\000s\0002\000b\000l\000o\000c\000k\000s\000\137\000e\000x\000a\000m\000p\000l\000e\0001\0000\0000\000p\000t\000s\000\137\0001\000m\000i\000l\000e\000s}{}% 179
\BOOKMARK [1][-]{Rfn.sites2blocks.Rul.example10pts.Rul.1miles.1}{\376\377\000s\000i\000t\000e\000s\0002\000b\000l\000o\000c\000k\000s\000\137\000e\000x\000a\000m\000p\000l\000e\0001\0000\000p\000t\000s\000\137\0001\000m\000i\000l\000e\000s}{}% 180
\BOOKMARK [1][-]{Rfn.speedtable.Rul.expand.1}{\376\377\000s\000p\000e\000e\000d\000t\000a\000b\000l\000e\000\137\000e\000x\000p\000a\000n\000d}{}% 181
\BOOKMARK [1][-]{Rfn.speedtable.Rul.summarize.1}{\376\377\000s\000p\000e\000e\000d\000t\000a\000b\000l\000e\000\137\000s\000u\000m\000m\000a\000r\000i\000z\000e}{}% 182
\BOOKMARK [1][-]{Rfn.speedtest.1}{\376\377\000s\000p\000e\000e\000d\000t\000e\000s\000t}{}% 183
\BOOKMARK [1][-]{Rfn.speedtest.Rul.plot.1}{\376\377\000s\000p\000e\000e\000d\000t\000e\000s\000t\000\137\000p\000l\000o\000t}{}% 184
\BOOKMARK [1][-]{Rfn.stateinfo.1}{\376\377\000s\000t\000a\000t\000e\000i\000n\000f\000o}{}% 185
\BOOKMARK [1][-]{Rfn.stateinfo2.1}{\376\377\000s\000t\000a\000t\000e\000i\000n\000f\000o\0002}{}% 186
\BOOKMARK [1][-]{Rfn.statestats.1}{\376\377\000s\000t\000a\000t\000e\000s\000t\000a\000t\000s}{}% 187
\BOOKMARK [1][-]{Rfn.statestats.Rul.means.1}{\376\377\000s\000t\000a\000t\000e\000s\000t\000a\000t\000s\000\137\000m\000e\000a\000n\000s}{}% 188
\BOOKMARK [1][-]{Rfn.statestats.Rul.query.1}{\376\377\000s\000t\000a\000t\000e\000s\000t\000a\000t\000s\000\137\000q\000u\000e\000r\000y}{}% 189
\BOOKMARK [1][-]{Rfn.statestats.Rul.queryd.1}{\376\377\000s\000t\000a\000t\000e\000s\000t\000a\000t\000s\000\137\000q\000u\000e\000r\000y\000d}{}% 190
\BOOKMARK [1][-]{Rfn.statestats.Rul.querye.1}{\376\377\000s\000t\000a\000t\000e\000s\000t\000a\000t\000s\000\137\000q\000u\000e\000r\000y\000e}{}% 191
\BOOKMARK [1][-]{Rfn.states.Rul.infer.1}{\376\377\000s\000t\000a\000t\000e\000s\000\137\000i\000n\000f\000e\000r}{}% 192
\BOOKMARK [1][-]{Rfn.states.Rul.shapefile.1}{\376\377\000s\000t\000a\000t\000e\000s\000\137\000s\000h\000a\000p\000e\000f\000i\000l\000e}{}% 193
\BOOKMARK [1][-]{Rfn.state.Rul.from.Rul.blockid.1}{\376\377\000s\000t\000a\000t\000e\000\137\000f\000r\000o\000m\000\137\000b\000l\000o\000c\000k\000i\000d}{}% 194
\BOOKMARK [1][-]{Rfn.state.Rul.from.Rul.blocktable.1}{\376\377\000s\000t\000a\000t\000e\000\137\000f\000r\000o\000m\000\137\000b\000l\000o\000c\000k\000t\000a\000b\000l\000e}{}% 195
\BOOKMARK [1][-]{Rfn.state.Rul.from.Rul.fips.1}{\376\377\000s\000t\000a\000t\000e\000\137\000f\000r\000o\000m\000\137\000f\000i\000p\000s}{}% 196
\BOOKMARK [1][-]{Rfn.state.Rul.from.Rul.latlon.1}{\376\377\000s\000t\000a\000t\000e\000\137\000f\000r\000o\000m\000\137\000l\000a\000t\000l\000o\000n}{}% 197
\BOOKMARK [1][-]{Rfn.structure.of.output.list.1}{\376\377\000s\000t\000r\000u\000c\000t\000u\000r\000e\000.\000o\000f\000.\000o\000u\000t\000p\000u\000t\000.\000l\000i\000s\000t}{}% 198
\BOOKMARK [1][-]{Rfn.ST.Rul.by.Rul.site.Rul.from.Rul.sites2blocks.1}{\376\377\000S\000T\000\137\000b\000y\000\137\000s\000i\000t\000e\000\137\000f\000r\000o\000m\000\137\000s\000i\000t\000e\000s\0002\000b\000l\000o\000c\000k\000s}{}% 199
\BOOKMARK [1][-]{Rfn.table4gt.Rul.from.Rul.scorevectors.1}{\376\377\000t\000a\000b\000l\000e\0004\000g\000t\000\137\000f\000r\000o\000m\000\137\000s\000c\000o\000r\000e\000v\000e\000c\000t\000o\000r\000s}{}% 200
\BOOKMARK [1][-]{Rfn.tablefixed.1}{\376\377\000t\000a\000b\000l\000e\000f\000i\000x\000e\000d}{}% 201
\BOOKMARK [1][-]{Rfn.table.Rul.gt.Rul.format.Rul.step1.1}{\376\377\000t\000a\000b\000l\000e\000\137\000g\000t\000\137\000f\000o\000r\000m\000a\000t\000\137\000s\000t\000e\000p\0001}{}% 202
\BOOKMARK [1][-]{Rfn.table.Rul.gt.Rul.format.Rul.step2.1}{\376\377\000t\000a\000b\000l\000e\000\137\000g\000t\000\137\000f\000o\000r\000m\000a\000t\000\137\000s\000t\000e\000p\0002}{}% 203
\BOOKMARK [1][-]{Rfn.table.Rul.gt.Rul.from.Rul.ejamit.1}{\376\377\000t\000a\000b\000l\000e\000\137\000g\000t\000\137\000f\000r\000o\000m\000\137\000e\000j\000a\000m\000i\000t}{}% 204
\BOOKMARK [1][-]{Rfn.table.Rul.gt.Rul.from.Rul.ejamit.Rul.1site.1}{\376\377\000t\000a\000b\000l\000e\000\137\000g\000t\000\137\000f\000r\000o\000m\000\137\000e\000j\000a\000m\000i\000t\000\137\0001\000s\000i\000t\000e}{}% 205
\BOOKMARK [1][-]{Rfn.table.Rul.gt.Rul.from.Rul.ejamit.Rul.overall.1}{\376\377\000t\000a\000b\000l\000e\000\137\000g\000t\000\137\000f\000r\000o\000m\000\137\000e\000j\000a\000m\000i\000t\000\137\000o\000v\000e\000r\000a\000l\000l}{}% 206
\BOOKMARK [1][-]{Rfn.table.Rul.round.1}{\376\377\000t\000a\000b\000l\000e\000\137\000r\000o\000u\000n\000d}{}% 207
\BOOKMARK [1][-]{Rfn.table.Rul.rounding.Rul.info.1}{\376\377\000t\000a\000b\000l\000e\000\137\000r\000o\000u\000n\000d\000i\000n\000g\000\137\000i\000n\000f\000o}{}% 208
\BOOKMARK [1][-]{Rfn.table.Rul.tall.Rul.from.Rul.overall.1}{\376\377\000t\000a\000b\000l\000e\000\137\000t\000a\000l\000l\000\137\000f\000r\000o\000m\000\137\000o\000v\000e\000r\000a\000l\000l}{}% 209
\BOOKMARK [1][-]{Rfn.table.Rul.validated.Rul.ejamit.Rul.row.1}{\376\377\000t\000a\000b\000l\000e\000\137\000v\000a\000l\000i\000d\000a\000t\000e\000d\000\137\000e\000j\000a\000m\000i\000t\000\137\000r\000o\000w}{}% 210
\BOOKMARK [1][-]{Rfn.table.Rul.xls.Rul.format.1}{\376\377\000t\000a\000b\000l\000e\000\137\000x\000l\000s\000\137\000f\000o\000r\000m\000a\000t}{}% 211
\BOOKMARK [1][-]{Rfn.table.Rul.xls.Rul.from.Rul.ejam.1}{\376\377\000t\000a\000b\000l\000e\000\137\000x\000l\000s\000\137\000f\000r\000o\000m\000\137\000e\000j\000a\000m}{}% 212
\BOOKMARK [1][-]{Rfn.testoutput.Rul.doaggregate.Rul.1000pts.Rul.1miles.1}{\376\377\000t\000e\000s\000t\000o\000u\000t\000p\000u\000t\000\137\000d\000o\000a\000g\000g\000r\000e\000g\000a\000t\000e\000\137\0001\0000\0000\0000\000p\000t\000s\000\137\0001\000m\000i\000l\000e\000s}{}% 213
\BOOKMARK [1][-]{Rfn.testoutput.Rul.doaggregate.Rul.100pts.Rul.1miles.1}{\376\377\000t\000e\000s\000t\000o\000u\000t\000p\000u\000t\000\137\000d\000o\000a\000g\000g\000r\000e\000g\000a\000t\000e\000\137\0001\0000\0000\000p\000t\000s\000\137\0001\000m\000i\000l\000e\000s}{}% 214
\BOOKMARK [1][-]{Rfn.testoutput.Rul.doaggregate.Rul.10pts.Rul.1miles.1}{\376\377\000t\000e\000s\000t\000o\000u\000t\000p\000u\000t\000\137\000d\000o\000a\000g\000g\000r\000e\000g\000a\000t\000e\000\137\0001\0000\000p\000t\000s\000\137\0001\000m\000i\000l\000e\000s}{}% 215
\BOOKMARK [1][-]{Rfn.testoutput.Rul.ejamit.Rul.1000pts.Rul.1miles.1}{\376\377\000t\000e\000s\000t\000o\000u\000t\000p\000u\000t\000\137\000e\000j\000a\000m\000i\000t\000\137\0001\0000\0000\0000\000p\000t\000s\000\137\0001\000m\000i\000l\000e\000s}{}% 216
\BOOKMARK [1][-]{Rfn.testoutput.Rul.ejamit.Rul.100pts.Rul.1miles.1}{\376\377\000t\000e\000s\000t\000o\000u\000t\000p\000u\000t\000\137\000e\000j\000a\000m\000i\000t\000\137\0001\0000\0000\000p\000t\000s\000\137\0001\000m\000i\000l\000e\000s}{}% 217
\BOOKMARK [1][-]{Rfn.testoutput.Rul.ejamit.Rul.10pts.Rul.1miles.1}{\376\377\000t\000e\000s\000t\000o\000u\000t\000p\000u\000t\000\137\000e\000j\000a\000m\000i\000t\000\137\0001\0000\000p\000t\000s\000\137\0001\000m\000i\000l\000e\000s}{}% 218
\BOOKMARK [1][-]{Rfn.testoutput.Rul.getblocksnearby.Rul.1000pts.Rul.1miles.1}{\376\377\000t\000e\000s\000t\000o\000u\000t\000p\000u\000t\000\137\000g\000e\000t\000b\000l\000o\000c\000k\000s\000n\000e\000a\000r\000b\000y\000\137\0001\0000\0000\0000\000p\000t\000s\000\137\0001\000m\000i\000l\000e\000s}{}% 219
\BOOKMARK [1][-]{Rfn.testoutput.Rul.getblocksnearby.Rul.100pts.Rul.1miles.1}{\376\377\000t\000e\000s\000t\000o\000u\000t\000p\000u\000t\000\137\000g\000e\000t\000b\000l\000o\000c\000k\000s\000n\000e\000a\000r\000b\000y\000\137\0001\0000\0000\000p\000t\000s\000\137\0001\000m\000i\000l\000e\000s}{}% 220
\BOOKMARK [1][-]{Rfn.testoutput.Rul.getblocksnearby.Rul.10pts.Rul.1miles.1}{\376\377\000t\000e\000s\000t\000o\000u\000t\000p\000u\000t\000\137\000g\000e\000t\000b\000l\000o\000c\000k\000s\000n\000e\000a\000r\000b\000y\000\137\0001\0000\000p\000t\000s\000\137\0001\000m\000i\000l\000e\000s}{}% 221
\BOOKMARK [1][-]{Rfn.testpoints.Rul.10.1}{\376\377\000t\000e\000s\000t\000p\000o\000i\000n\000t\000s\000\137\0001\0000}{}% 222
\BOOKMARK [1][-]{Rfn.testpoints.Rul.100.1}{\376\377\000t\000e\000s\000t\000p\000o\000i\000n\000t\000s\000\137\0001\0000\0000}{}% 223
\BOOKMARK [1][-]{Rfn.testpoints.Rul.1000.1}{\376\377\000t\000e\000s\000t\000p\000o\000i\000n\000t\000s\000\137\0001\0000\0000\0000}{}% 224
\BOOKMARK [1][-]{Rfn.testpoints.Rul.10000.1}{\376\377\000t\000e\000s\000t\000p\000o\000i\000n\000t\000s\000\137\0001\0000\0000\0000\0000}{}% 225
\BOOKMARK [1][-]{Rfn.testpoints.Rul.n.1}{\376\377\000t\000e\000s\000t\000p\000o\000i\000n\000t\000s\000\137\000n}{}% 226
\BOOKMARK [1][-]{Rfn.test.Rul.regid.1}{\376\377\000t\000e\000s\000t\000\137\000r\000e\000g\000i\000d}{}% 227
\BOOKMARK [1][-]{Rfn.trilaterate.Rul.sites2blocks.1}{\376\377\000t\000r\000i\000l\000a\000t\000e\000r\000a\000t\000e\000\137\000s\000i\000t\000e\000s\0002\000b\000l\000o\000c\000k\000s}{}% 228
\BOOKMARK [1][-]{Rfn.unshared.1}{\376\377\000u\000n\000s\000h\000a\000r\000e\000d}{}% 229
\BOOKMARK [1][-]{Rfn.url.Rul.4table.1}{\376\377\000u\000r\000l\000\137\0004\000t\000a\000b\000l\000e}{}% 230
\BOOKMARK [1][-]{Rfn.url.Rul.bookmark.Rul.save.1}{\376\377\000u\000r\000l\000\137\000b\000o\000o\000k\000m\000a\000r\000k\000\137\000s\000a\000v\000e}{}% 231
\BOOKMARK [1][-]{Rfn.url.Rul.bookmark.Rul.text.1}{\376\377\000u\000r\000l\000\137\000b\000o\000o\000k\000m\000a\000r\000k\000\137\000t\000e\000x\000t}{}% 232
\BOOKMARK [1][-]{Rfn.url.Rul.countyhealthrankings.1}{\376\377\000u\000r\000l\000\137\000c\000o\000u\000n\000t\000y\000h\000e\000a\000l\000t\000h\000r\000a\000n\000k\000i\000n\000g\000s}{}% 233
\BOOKMARK [1][-]{Rfn.url.Rul.getacs.Rul.epaquery.1}{\376\377\000u\000r\000l\000\137\000g\000e\000t\000a\000c\000s\000\137\000e\000p\000a\000q\000u\000e\000r\000y}{}% 234
\BOOKMARK [1][-]{Rfn.url.Rul.getacs.Rul.epaquery.Rul.chunked.1}{\376\377\000u\000r\000l\000\137\000g\000e\000t\000a\000c\000s\000\137\000e\000p\000a\000q\000u\000e\000r\000y\000\137\000c\000h\000u\000n\000k\000e\000d}{}% 235
\BOOKMARK [1][-]{Rfn.url.Rul.get.Rul.eparest.Rul.chunked.Rul.by.Rul.id.1}{\376\377\000u\000r\000l\000\137\000g\000e\000t\000\137\000e\000p\000a\000r\000e\000s\000t\000\137\000c\000h\000u\000n\000k\000e\000d\000\137\000b\000y\000\137\000i\000d}{}% 236
\BOOKMARK [1][-]{Rfn.url.Rul.get.Rul.via.Rul.url.1}{\376\377\000u\000r\000l\000\137\000g\000e\000t\000\137\000v\000i\000a\000\137\000u\000r\000l}{}% 237
\BOOKMARK [1][-]{Rfn.url.Rul.naics.com.1}{\376\377\000u\000r\000l\000\137\000n\000a\000i\000c\000s\000.\000c\000o\000m}{}% 238
\BOOKMARK [1][-]{Rfn.usastats.1}{\376\377\000u\000s\000a\000s\000t\000a\000t\000s}{}% 239
\BOOKMARK [1][-]{Rfn.usastats.Rul.means.1}{\376\377\000u\000s\000a\000s\000t\000a\000t\000s\000\137\000m\000e\000a\000n\000s}{}% 240
\BOOKMARK [1][-]{Rfn.usastats.Rul.query.1}{\376\377\000u\000s\000a\000s\000t\000a\000t\000s\000\137\000q\000u\000e\000r\000y}{}% 241
\BOOKMARK [1][-]{Rfn.usastats.Rul.queryd.1}{\376\377\000u\000s\000a\000s\000t\000a\000t\000s\000\137\000q\000u\000e\000r\000y\000d}{}% 242
\BOOKMARK [1][-]{Rfn.usastats.Rul.querye.1}{\376\377\000u\000s\000a\000s\000t\000a\000t\000s\000\137\000q\000u\000e\000r\000y\000e}{}% 243
\BOOKMARK [1][-]{Rfn.varinfo.1}{\376\377\000v\000a\000r\000i\000n\000f\000o}{}% 244
\BOOKMARK [1][-]{Rfn.varname2color.Rul.ejam.1}{\376\377\000v\000a\000r\000n\000a\000m\000e\0002\000c\000o\000l\000o\000r\000\137\000e\000j\000a\000m}{}% 245
\BOOKMARK [1][-]{Rfn.varname2varcategory.Rul.ejam.1}{\376\377\000v\000a\000r\000n\000a\000m\000e\0002\000v\000a\000r\000c\000a\000t\000e\000g\000o\000r\000y\000\137\000e\000j\000a\000m}{}% 246
\BOOKMARK [1][-]{Rfn.varname2vartype.Rul.ejam.1}{\376\377\000v\000a\000r\000n\000a\000m\000e\0002\000v\000a\000r\000t\000y\000p\000e\000\137\000e\000j\000a\000m}{}% 247
\BOOKMARK [1][-]{Rfn.vartype.Rul.cat2color.Rul.ejam.1}{\376\377\000v\000a\000r\000t\000y\000p\000e\000\137\000c\000a\000t\0002\000c\000o\000l\000o\000r\000\137\000e\000j\000a\000m}{}% 248
\BOOKMARK [1][-]{Rfn.var.Rul.is.Rul.numeric.Rul.ish.1}{\376\377\000v\000a\000r\000\137\000i\000s\000\137\000n\000u\000m\000e\000r\000i\000c\000\137\000i\000s\000h}{}% 249
